




iteration 0
22.474452728615326





iteration 1
37.97670374693314





iteration 2
42.383459183916536





iteration 3
42.7097972892499





iteration 4
44.184273838164884





iteration 5
42.04044686882161





iteration 6
42.98373073533265





iteration 7
42.800314427955506





iteration 8
42.04282889878755





iteration 9
41.1638598413568





iteration 10
43.01707915485577





iteration 11
42.04282889878755





iteration 12
41.65217598437388





iteration 13
41.394916748052694





iteration 14
41.335365998904265





iteration 15
42.554965341464





iteration 16
41.478287796860485





iteration 17
