




iteration 0
24.325290012148354





iteration 1
37.32402753626641





iteration 2
47.64298134870537





iteration 3
52.52376074891022





iteration 4
54.862914175460325





iteration 5
54.605654939139136





iteration 6
55.525118505990804





iteration 7
56.35644696410281





iteration 8
56.3302446344775





iteration 9
57.34498939996665





iteration 10
58.926657297348804





iteration 11
56.1301541173388





iteration 12
57.233033991567616





iteration 13
57.98099140087182





iteration 14
58.15964364831709





iteration 15
58.81231985898383





iteration 16
61.029989757271146





iteration 17
59.80086229484767





iteration 18
59.23870322288654





iteration 19
59.267287582477785
