




iteration 0
22.536385507729687





iteration 1
34.32505180915176





iteration 2
41.854648531478524





iteration 3
43.30530478073414





iteration 4
43.77218265405779





iteration 5
43.44822657869036





iteration 6
41.692670493794814





iteration 7
40.13482289607203





iteration 8
42.26673971558562





iteration 9
40.87801624544437





iteration 10
40.26583454419857





iteration 11
42.335818584597796





iteration 12
40.780353016840955





iteration 13
40.7255663276244





iteration 14
42.271503775517495





iteration 15
41.82606417188728





iteration 16
41.48066982682642





iteration 17
40.925656844763104





iteration 18
40.42781258188228





iteration 19
40.71127414782878
